<?xml version="1.0" encoding="UTF-8"?>
<testsuite name="com.phonebook.tests.CreateAccountTests" tests="1" skipped="0" failures="0" errors="0" timestamp="2026-04-21T17:56:33" hostname="KATANA17" time="0.904">
  <properties/>
  <testcase name="existedUserRegisterNegativeTest" classname="com.phonebook.tests.CreateAccountTests" time="0.904"/>
  <system-out><![CDATA[19:56:23.852 [Test worker] INFO  com.phonebook.core.TestBase -- Start test existedUserRegisterNegativeTest with data: []
19:56:34.836 [Test worker] INFO  com.phonebook.core.TestBase -- PASSED: existedUserRegisterNegativeTest
19:56:34.836 [Test worker] INFO  com.phonebook.core.TestBase -- Stop test
19:56:34.836 [Test worker] INFO  com.phonebook.core.TestBase -- **************************
]]></system-out>
  <system-err><![CDATA[]]></system-err>
</testsuite>
