<?xml version="1.0" encoding="UTF-8"?>
<testsuite name="com.phonebook.tests.LoginTests" tests="2" skipped="0" failures="0" errors="0" timestamp="2026-04-21T17:59:41" hostname="KATANA17" time="1.848">
  <properties/>
  <testcase name="loginNegativeWithoutEmailTest" classname="com.phonebook.tests.LoginTests" time="1.249"/>
  <testcase name="loginPositiveTest" classname="com.phonebook.tests.LoginTests" time="0.547"/>
  <system-out><![CDATA[19:59:41.297 [Test worker] INFO  com.phonebook.core.TestBase -- Start test loginNegativeWithoutEmailTest with data: []
19:59:42.566 [Test worker] INFO  com.phonebook.core.TestBase -- PASSED: loginNegativeWithoutEmailTest
19:59:42.568 [Test worker] INFO  com.phonebook.core.TestBase -- Stop test
19:59:42.572 [Test worker] INFO  com.phonebook.core.TestBase -- **************************
19:59:42.583 [Test worker] INFO  com.phonebook.core.TestBase -- Start test loginPositiveTest with data: []
19:59:43.156 [Test worker] INFO  com.phonebook.core.TestBase -- PASSED: loginPositiveTest
19:59:43.156 [Test worker] INFO  com.phonebook.core.TestBase -- Stop test
19:59:43.157 [Test worker] INFO  com.phonebook.core.TestBase -- **************************
]]></system-out>
  <system-err><![CDATA[]]></system-err>
</testsuite>
