<?xml version="1.0" encoding="UTF-8"?>
<testsuite name="com.phonebook.tests.AddContactTests" tests="4" skipped="0" failures="0" errors="0" timestamp="2026-04-21T17:55:47" hostname="KATANA17" time="36.598">
  <properties/>
  <testcase name="addContactPositiveTest[0](Contact{name='Kristina', lastName='Tomash', phone='1234567890', email='test1@gmail.com', address='Berlin', description='QA'})" classname="com.phonebook.tests.AddContactTests" time="1.895"/>
  <testcase name="addContactPositiveTest[1](Contact{name='Igor', lastName='Tomash', phone='12345678901', email='test2@gmail.com', address='TelAviv', description='QA'})" classname="com.phonebook.tests.AddContactTests" time="1.251"/>
  <testcase name="addContactPositiveTest[2](Contact{name='Ivan', lastName='Tomash', phone='123456789011234', email='test3@gmail.com', address='BatYam', description='QA'})" classname="com.phonebook.tests.AddContactTests" time="1.131"/>
  <testcase name="addContactPositiveTest[3](Contact{name='Lev', lastName='Tomash', phone='1234567890112', email='test4@gmail.com', address='Rishon', description='QA'})" classname="com.phonebook.tests.AddContactTests" time="1.09"/>
  <system-out><![CDATA[19:55:36.717 [Test worker] INFO  com.phonebook.core.TestBase -- Start test addContactPositiveTest with data: [Contact{name='Kristina', lastName='Tomash', phone='1234567890', email='test1@gmail.com', address='Berlin', description='QA'}]
19:55:49.217 [Test worker] INFO  com.phonebook.core.TestBase -- PASSED: addContactPositiveTest
19:55:49.217 [Test worker] INFO  com.phonebook.core.TestBase -- Stop test
19:55:49.217 [Test worker] INFO  com.phonebook.core.TestBase -- **************************
19:55:49.218 [Test worker] INFO  com.phonebook.core.TestBase -- Start test addContactPositiveTest with data: [Contact{name='Igor', lastName='Tomash', phone='12345678901', email='test2@gmail.com', address='TelAviv', description='QA'}]
19:56:00.907 [Test worker] INFO  com.phonebook.core.TestBase -- PASSED: addContactPositiveTest
19:56:00.907 [Test worker] INFO  com.phonebook.core.TestBase -- Stop test
19:56:00.907 [Test worker] INFO  com.phonebook.core.TestBase -- **************************
19:56:00.907 [Test worker] INFO  com.phonebook.core.TestBase -- Start test addContactPositiveTest with data: [Contact{name='Ivan', lastName='Tomash', phone='123456789011234', email='test3@gmail.com', address='BatYam', description='QA'}]
19:56:12.394 [Test worker] INFO  com.phonebook.core.TestBase -- PASSED: addContactPositiveTest
19:56:12.394 [Test worker] INFO  com.phonebook.core.TestBase -- Stop test
19:56:12.394 [Test worker] INFO  com.phonebook.core.TestBase -- **************************
19:56:12.394 [Test worker] INFO  com.phonebook.core.TestBase -- Start test addContactPositiveTest with data: [Contact{name='Lev', lastName='Tomash', phone='1234567890112', email='test4@gmail.com', address='Rishon', description='QA'}]
19:56:23.851 [Test worker] INFO  com.phonebook.core.TestBase -- PASSED: addContactPositiveTest
19:56:23.851 [Test worker] INFO  com.phonebook.core.TestBase -- Stop test
19:56:23.851 [Test worker] INFO  com.phonebook.core.TestBase -- **************************
]]></system-out>
  <system-err><![CDATA[]]></system-err>
</testsuite>
