<?xml version="1.0" encoding="UTF-8"?>
<testsuite name="com.phonebook.tests.DeleteContactTests" tests="1" skipped="0" failures="0" errors="0" timestamp="2026-04-21T17:56:35" hostname="KATANA17" time="1.519">
  <properties/>
  <testcase name="deleteContactTest" classname="com.phonebook.tests.DeleteContactTests" time="1.519"/>
  <system-out><![CDATA[19:56:34.840 [Test worker] INFO  com.phonebook.core.TestBase -- Start test deleteContactTest with data: []
19:56:37.431 [Test worker] INFO  com.phonebook.core.TestBase -- PASSED: deleteContactTest
19:56:37.431 [Test worker] INFO  com.phonebook.core.TestBase -- Stop test
19:56:37.431 [Test worker] INFO  com.phonebook.core.TestBase -- **************************
]]></system-out>
  <system-err><![CDATA[]]></system-err>
</testsuite>
