<?xml version="1.0" encoding="UTF-8"?>
<testsuite name="com.phonebook.tests.HomePageTests" tests="1" skipped="0" failures="0" errors="0" timestamp="2026-04-21T17:32:20" hostname="KATANA17" time="0.007">
  <properties/>
  <testcase name="isHomeComponentPresentTest" classname="com.phonebook.tests.HomePageTests" time="0.007"/>
  <system-out><![CDATA[19:32:20.251 [Test worker] INFO  com.phonebook.core.TestBase -- Start test isHomeComponentPresentTest with data: []
19:32:20.269 [Test worker] INFO  com.phonebook.core.TestBase -- PASSED: isHomeComponentPresentTest
19:32:20.269 [Test worker] INFO  com.phonebook.core.TestBase -- Stop test
19:32:20.269 [Test worker] INFO  com.phonebook.core.TestBase -- **************************
]]></system-out>
  <system-err><![CDATA[]]></system-err>
</testsuite>
